1087319  gpuA40x4 1nodes_4 qiyuelu1 PD       0:00      1 (Priority)
           1087315  gpuA40x4 1nodes_4 qiyuelu1 PD       0:00      1 (Resources)
           1087316  gpuA40x4 1nodes_4 qiyuelu1 PD       0:00      1 (Priority)
           1087317  gpuA40x4 1nodes_4 qiyuelu1 PD       0:00      1 (Priority)
           1087318  gpuA40x4 1nodes_4 qiyuelu1 PD       0:00      1 (Priority)
           1087352  gpuA40x4 babyStep   tricci PD       0:00      1 (Priority)
           1087355  gpuA40x4 babyStep   tricci PD       0:00      1 (Priority)
           1087354  gpuA40x4 babyStep   tricci PD       0:00      1 (Priority)
           1087353  gpuA40x4 babyStep   tricci PD       0:00      1 (Priority)
           1087325  gpuA40x4 MVSE_Non battula1 PD       0:00      2 (Priority)
           1085507  gpuA40x4 training   wang34 PD       0:00      1 (Dependency)
           1074824  gpuA40x4  glidein  riedel1 PD       0:00      1 (Priority)
           1074822  gpuA40x4  glidein  riedel1 PD       0:00      1 (Priority)
           1074823  gpuA40x4  glidein  riedel1 PD       0:00      1 (Priority)
           1074821  gpuA40x4  glidein  riedel1 PD       0:00      1 (Priority)
           1074820  gpuA40x4  glidein  riedel1 PD       0:00      1 (Priority)
           1074818  gpuA40x4  glidein  riedel1 PD       0:00      1 (Priority)
           1074819  gpuA40x4  glidein  riedel1 PD       0:00      1 (Priority)
           1074811  gpuA40x4  glidein  riedel1 PD       0:00      1 (Priority)
           1074812  gpuA40x4  glidein  riedel1 PD       0:00      1 (Priority)
           1074813  gpuA40x4  glidein  riedel1 PD       0:00      1 (Priority)
           1074814  gpuA40x4  glidein  riedel1 PD       0:00      1 (Priority)
           1074815  gpuA40x4  glidein  riedel1 PD       0:00      1 (Priority)
           1074816  gpuA40x4  glidein  riedel1 PD       0:00      1 (Priority)
           1074817  gpuA40x4  glidein  riedel1 PD       0:00      1 (Priority)
           1074810  gpuA40x4  glidein  riedel1 PD       0:00      1 (Priority)
           1074809  gpuA40x4  glidein  riedel1 PD       0:00      1 (Priority)
           1074808  gpuA40x4  glidein  riedel1 PD       0:00      1 (Priority)
           1074807  gpuA40x4  glidein  riedel1 PD       0:00      1 (Priority)
           1074806  gpuA40x4  glidein  riedel1 PD       0:00      1 (Priority)
           1074805  gpuA40x4  glidein  riedel1 PD       0:00      1 (Priority)
           1074777  gpuA40x4  glidein  riedel1 PD       0:00      1 (Priority)
           1074778  gpuA40x4  glidein  riedel1 PD       0:00      1 (Priority)
           1074779  gpuA40x4  glidein  riedel1 PD       0:00      1 (Priority)
           1074780  gpuA40x4  glidein  riedel1 PD       0:00      1 (Priority)
           1074781  gpuA40x4  glidein  riedel1 PD       0:00      1 (Priority)
           1074782  gpuA40x4  glidein  riedel1 PD       0:00      1 (Priority)
           1074783  gpuA40x4  glidein  riedel1 PD       0:00      1 (Priority)
           1074784  gpuA40x4  glidein  riedel1 PD       0:00      1 (Priority)
           1074785  gpuA40x4  glidein  riedel1 PD       0:00      1 (Priority)
           1074786  gpuA40x4  glidein  riedel1 PD       0:00      1 (Priority)
           1074787  gpuA40x4  glidein  riedel1 PD       0:00      1 (Priority)
           1074788  gpuA40x4  glidein  riedel1 PD       0:00      1 (Priority)
           1074789  gpuA40x4  glidein  riedel1 PD       0:00      1 (Priority)
           1074790  gpuA40x4  glidein  riedel1 PD       0:00      1 (Priority)
           1074791  gpuA40x4  glidein  riedel1 PD       0:00      1 (Priority)
           1074792  gpuA40x4  glidein  riedel1 PD       0:00      1 (Priority)
           1074793  gpuA40x4  glidein  riedel1 PD       0:00      1 (Priority)
           1074794  gpuA40x4  glidein  riedel1 PD       0:00      1 (Priority)
           1074795  gpuA40x4  glidein  riedel1 PD       0:00      1 (Priority)
           1074796  gpuA40x4  glidein  riedel1 PD       0:00      1 (Priority)
           1074797  gpuA40x4  glidein  riedel1 PD       0:00      1 (Priority)
           1074798  gpuA40x4  glidein  riedel1 PD       0:00      1 (Priority)
           1074799  gpuA40x4  glidein  riedel1 PD       0:00      1 (Priority)
           1074800  gpuA40x4  glidein  riedel1 PD       0:00      1 (Priority)
           1074801  gpuA40x4  glidein  riedel1 PD       0:00      1 (Priority)
           1074802  gpuA40x4  glidein  riedel1 PD       0:00      1 (Priority)
           1074803  gpuA40x4  glidein  riedel1 PD       0:00      1 (Priority)
           1074804  gpuA40x4  glidein  riedel1 PD       0:00      1 (Priority)
           1074771  gpuA40x4  glidein  riedel1 PD       0:00      1 (Priority)
           1074772  gpuA40x4  glidein  riedel1 PD       0:00      1 (Priority)
           1074773  gpuA40x4  glidein  riedel1 PD       0:00      1 (Priority)
           1074774  gpuA40x4  glidein  riedel1 PD       0:00      1 (Priority)
           1074775  gpuA40x4  glidein  riedel1 PD       0:00      1 (Priority)
           1074776  gpuA40x4  glidein  riedel1 PD       0:00      1 (Priority)
           1074770  gpuA40x4  glidein  riedel1 PD       0:00      1 (Priority)
           1074766  gpuA40x4  glidein  riedel1 PD       0:00      1 (Priority)
           1074767  gpuA40x4  glidein  riedel1 PD       0:00      1 (Priority)
           1074768  gpuA40x4  glidein  riedel1 PD       0:00      1 (Priority)
           1074769  gpuA40x4  glidein  riedel1 PD       0:00      1 (Priority)
           1074765  gpuA40x4  glidein  riedel1 PD       0:00      1 (Priority)
           1074763  gpuA40x4  glidein  riedel1 PD       0:00      1 (Priority)
           1074764  gpuA40x4  glidein  riedel1 PD       0:00      1 (Priority)
           1074760  gpuA40x4  glidein  riedel1 PD       0:00      1 (Priority)
           1074761  gpuA40x4  glidein  riedel1 PD       0:00      1 (Priority)
           1074762  gpuA40x4  glidein  riedel1 PD       0:00      1 (Priority)
           1074756  gpuA40x4  glidein  riedel1 PD       0:00      1 (Priority)
           1074757  gpuA40x4  glidein  riedel1 PD       0:00      1 (Priority)
           1074758  gpuA40x4  glidein  riedel1 PD       0:00      1 (Priority)
           1074759  gpuA40x4  glidein  riedel1 PD       0:00      1 (Priority)
           1074754  gpuA40x4  glidein  riedel1 PD       0:00      1 (Priority)
           1074755  gpuA40x4  glidein  riedel1 PD       0:00      1 (Priority)
           1074752  gpuA40x4  glidein  riedel1 PD       0:00      1 (Priority)
           1074753  gpuA40x4  glidein  riedel1 PD       0:00      1 (Priority)
           1074751  gpuA40x4  glidein  riedel1 PD       0:00      1 (Priority)
           1074749  gpuA40x4  glidein  riedel1 PD       0:00      1 (Priority)
           1074750  gpuA40x4  glidein  riedel1 PD       0:00      1 (Priority)
           1074746  gpuA40x4  glidein  riedel1 PD       0:00      1 (Priority)
           1074747  gpuA40x4  glidein  riedel1 PD       0:00      1 (Priority)
           1074748  gpuA40x4  glidein  riedel1 PD       0:00      1 (Priority)
           1074745  gpuA40x4  glidein  riedel1 PD       0:00      1 (Priority)
           1074741  gpuA40x4  glidein  riedel1 PD       0:00      1 (Priority)
           1074742  gpuA40x4  glidein  riedel1 PD       0:00      1 (Priority)
           1074743  gpuA40x4  glidein  riedel1 PD       0:00      1 (Priority)
           1074744  gpuA40x4  glidein  riedel1 PD       0:00      1 (Priority)
           1074740  gpuA40x4  glidein  riedel1 PD       0:00      1 (Priority)
           1074739  gpuA40x4  glidein  riedel1 PD       0:00      1 (Priority)
           1074738  gpuA40x4  glidein  riedel1 PD       0:00      1 (Priority)
           1075017  gpuA40x4  glidein  riedel1 PD       0:00      1 (Priority)
           1075016  gpuA40x4  glidein  riedel1 PD       0:00      1 (Priority)
           1075015  gpuA40x4  glidein  riedel1 PD       0:00      1 (Priority)
           1075014  gpuA40x4  glidein  riedel1 PD       0:00      1 (Priority)
           1075013  gpuA40x4  glidein  riedel1 PD       0:00      1 (Priority)
           1075012  gpuA40x4  glidein  riedel1 PD       0:00      1 (Priority)
           1075011  gpuA40x4  glidein  riedel1 PD       0:00      1 (Priority)
           1075010  gpuA40x4  glidein  riedel1 PD       0:00      1 (Priority)
           1075009  gpuA40x4  glidein  riedel1 PD       0:00      1 (Priority)
           1075008  gpuA40x4  glidein  riedel1 PD       0:00      1 (Priority)
           1075007  gpuA40x4  glidein  riedel1 PD       0:00      1 (Priority)
           1075006  gpuA40x4  glidein  riedel1 PD       0:00      1 (Priority)
           1075005  gpuA40x4  glidein  riedel1 PD       0:00      1 (Priority)
           1075004  gpuA40x4  glidein  riedel1 PD       0:00      1 (Priority)
           1075003  gpuA40x4  glidein  riedel1 PD       0:00      1 (Priority)
           1075002  gpuA40x4  glidein  riedel1 PD       0:00      1 (Priority)
           1075001  gpuA40x4  glidein  riedel1 PD       0:00      1 (Priority)
           1075000  gpuA40x4  glidein  riedel1 PD       0:00      1 (Priority)
           1074999  gpuA40x4  glidein  riedel1 PD       0:00      1 (Priority)
           1074998  gpuA40x4  glidein  riedel1 PD       0:00      1 (Priority)
           1074997  gpuA40x4  glidein  riedel1 PD       0:00      1 (Priority)
           1074996  gpuA40x4  glidein  riedel1 PD       0:00      1 (Priority)
           1074995  gpuA40x4  glidein  riedel1 PD       0:00      1 (Priority)
           1074994  gpuA40x4  glidein  riedel1 PD       0:00      1 (Priority)
           1074993  gpuA40x4  glidein  riedel1 PD       0:00      1 (Priority)
           1074992  gpuA40x4  glidein  riedel1 PD       0:00      1 (Priority)
           1074991  gpuA40x4  glidein  riedel1 PD       0:00      1 (Priority)
           1074990  gpuA40x4  glidein  riedel1 PD       0:00      1 (Priority)
           1074989  gpuA40x4  glidein  riedel1 PD       0:00      1 (Priority)
           1074988  gpuA40x4  glidein  riedel1 PD       0:00      1 (Priority)
           1074987  gpuA40x4  glidein  riedel1 PD       0:00      1 (Priority)
           1074986  gpuA40x4  glidein  riedel1 PD       0:00      1 (Priority)
           1074985  gpuA40x4  glidein  riedel1 PD       0:00      1 (Priority)
           1074984  gpuA40x4  glidein  riedel1 PD       0:00      1 (Priority)
           1074983  gpuA40x4  glidein  riedel1 PD       0:00      1 (Priority)
           1074982  gpuA40x4  glidein  riedel1 PD       0:00      1 (Priority)
           1074981  gpuA40x4  glidein  riedel1 PD       0:00      1 (Priority)
           1074980  gpuA40x4  glidein  riedel1 PD       0:00      1 (Priority)
           1074979  gpuA40x4  glidein  riedel1 PD       0:00      1 (Priority)
           1074978  gpuA40x4  glidein  riedel1 PD       0:00      1 (Priority)
           1074977  gpuA40x4  glidein  riedel1 PD       0:00      1 (Priority)
           1074976  gpuA40x4  glidein  riedel1 PD       0:00      1 (Priority)
           1074975  gpuA40x4  glidein  riedel1 PD       0:00      1 (Priority)
           1074974  gpuA40x4  glidein  riedel1 PD       0:00      1 (Priority)
           1074973  gpuA40x4  glidein  riedel1 PD       0:00      1 (Priority)
           1074972  gpuA40x4  glidein  riedel1 PD       0:00      1 (Priority)
           1074971  gpuA40x4  glidein  riedel1 PD       0:00      1 (Priority)
           1074970  gpuA40x4  glidein  riedel1 PD       0:00      1 (Priority)
           1074969  gpuA40x4  glidein  riedel1 PD       0:00      1 (Priority)
           1074968  gpuA40x4  glidein  riedel1 PD       0:00      1 (Priority)
           1074967  gpuA40x4  glidein  riedel1 PD       0:00      1 (Priority)
           1074966  gpuA40x4  glidein  riedel1 PD       0:00      1 (Priority)
           1074965  gpuA40x4  glidein  riedel1 PD       0:00      1 (Priority)
           1074964  gpuA40x4  glidein  riedel1 PD       0:00      1 (Priority)
           1074963  gpuA40x4  glidein  riedel1 PD       0:00      1 (Priority)
           1074962  gpuA40x4  glidein  riedel1 PD       0:00      1 (Priority)
           1074961  gpuA40x4  glidein  riedel1 PD       0:00      1 (Priority)
           1074960  gpuA40x4  glidein  riedel1 PD       0:00      1 (Priority)
           1074959  gpuA40x4  glidein  riedel1 PD       0:00      1 (Priority)
           1074958  gpuA40x4  glidein  riedel1 PD       0:00      1 (Priority)
           1074957  gpuA40x4  glidein  riedel1 PD       0:00      1 (Priority)
           1074956  gpuA40x4  glidein  riedel1 PD       0:00      1 (Priority)
           1074955  gpuA40x4  glidein  riedel1 PD       0:00      1 (Priority)
           1074954  gpuA40x4  glidein  riedel1 PD       0:00      1 (Priority)
           1074953  gpuA40x4  glidein  riedel1 PD       0:00      1 (Priority)
           1074952  gpuA40x4  glidein  riedel1 PD       0:00      1 (Priority)
           1074951  gpuA40x4  glidein  riedel1 PD       0:00      1 (Priority)
           1074950  gpuA40x4  glidein  riedel1 PD       0:00      1 (Priority)
           1074949  gpuA40x4  glidein  riedel1 PD       0:00      1 (Priority)
           1074948  gpuA40x4  glidein  riedel1 PD       0:00      1 (Priority)
           1074947  gpuA40x4  glidein  riedel1 PD       0:00      1 (Priority)
           1074946  gpuA40x4  glidein  riedel1 PD       0:00      1 (Priority)
           1074945  gpuA40x4  glidein  riedel1 PD       0:00      1 (Priority)
           1074944  gpuA40x4  glidein  riedel1 PD       0:00      1 (Priority)
           1074943  gpuA40x4  glidein  riedel1 PD       0:00      1 (Priority)
           1074942  gpuA40x4  glidein  riedel1 PD       0:00      1 (Priority)
           1074941  gpuA40x4  glidein  riedel1 PD       0:00      1 (Priority)
           1074940  gpuA40x4  glidein  riedel1 PD       0:00      1 (Priority)
           1074939  gpuA40x4  glidein  riedel1 PD       0:00      1 (Priority)
           1074938  gpuA40x4  glidein  riedel1 PD       0:00      1 (Priority)
           1074937  gpuA40x4  glidein  riedel1 PD       0:00      1 (Priority)
           1074936  gpuA40x4  glidein  riedel1 PD       0:00      1 (Priority)
           1074935  gpuA40x4  glidein  riedel1 PD       0:00      1 (Priority)
           1074934  gpuA40x4  glidein  riedel1 PD       0:00      1 (Priority)
           1074933  gpuA40x4  glidein  riedel1 PD       0:00      1 (Priority)
           1074932  gpuA40x4  glidein  riedel1 PD       0:00      1 (Priority)
           1074931  gpuA40x4  glidein  riedel1 PD       0:00      1 (Priority)
           1074930  gpuA40x4  glidein  riedel1 PD       0:00      1 (Priority)
           1074929  gpuA40x4  glidein  riedel1 PD       0:00      1 (Priority)
           1074928  gpuA40x4  glidein  riedel1 PD       0:00      1 (Priority)
           1074927  gpuA40x4  glidein  riedel1 PD       0:00      1 (Priority)
           1074926  gpuA40x4  glidein  riedel1 PD       0:00      1 (Priority)
           1074925  gpuA40x4  glidein  riedel1 PD       0:00      1 (Priority)
           1074924  gpuA40x4  glidein  riedel1 PD       0:00      1 (Priority)
           1074923  gpuA40x4  glidein  riedel1 PD       0:00      1 (Priority)
           1074922  gpuA40x4  glidein  riedel1 PD       0:00      1 (Priority)
           1074921  gpuA40x4  glidein  riedel1 PD       0:00      1 (Priority)
           1074920  gpuA40x4  glidein  riedel1 PD       0:00      1 (Priority)
           1074919  gpuA40x4  glidein  riedel1 PD       0:00      1 (Priority)
           1074918  gpuA40x4  glidein  riedel1 PD       0:00      1 (Priority)
           1074917  gpuA40x4  glidein  riedel1 PD       0:00      1 (Priority)
           1074916  gpuA40x4  glidein  riedel1 PD       0:00      1 (Priority)
           1074915  gpuA40x4  glidein  riedel1 PD       0:00      1 (Priority)
           1074914  gpuA40x4  glidein  riedel1 PD       0:00      1 (Priority)
           1074913  gpuA40x4  glidein  riedel1 PD       0:00      1 (Priority)
           1074912  gpuA40x4  glidein  riedel1 PD       0:00      1 (Priority)
           1074911  gpuA40x4  glidein  riedel1 PD       0:00      1 (Priority)
           1074910  gpuA40x4  glidein  riedel1 PD       0:00      1 (Priority)
           1074909  gpuA40x4  glidein  riedel1 PD       0:00      1 (Priority)
           1074908  gpuA40x4  glidein  riedel1 PD       0:00      1 (Priority)
           1074907  gpuA40x4  glidein  riedel1 PD       0:00      1 (Priority)
           1074906  gpuA40x4  glidein  riedel1 PD       0:00      1 (Priority)
           1074905  gpuA40x4  glidein  riedel1 PD       0:00      1 (Priority)
           1074904  gpuA40x4  glidein  riedel1 PD       0:00      1 (Priority)
           1074903  gpuA40x4  glidein  riedel1 PD       0:00      1 (Priority)
           1074902  gpuA40x4  glidein  riedel1 PD       0:00      1 (Priority)
           1074901  gpuA40x4  glidein  riedel1 PD       0:00      1 (Priority)
           1074900  gpuA40x4  glidein  riedel1 PD       0:00      1 (Priority)
           1074899  gpuA40x4  glidein  riedel1 PD       0:00      1 (Priority)
           1074898  gpuA40x4  glidein  riedel1 PD       0:00      1 (Priority)
           1074897  gpuA40x4  glidein  riedel1 PD       0:00      1 (Priority)
           1074896  gpuA40x4  glidein  riedel1 PD       0:00      1 (Priority)
           1074895  gpuA40x4  glidein  riedel1 PD       0:00      1 (Priority)
           1074894  gpuA40x4  glidein  riedel1 PD       0:00      1 (Priority)
           1074893  gpuA40x4  glidein  riedel1 PD       0:00      1 (Priority)
           1074892  gpuA40x4  glidein  riedel1 PD       0:00      1 (Priority)
           1074891  gpuA40x4  glidein  riedel1 PD       0:00      1 (Priority)
           1074890  gpuA40x4  glidein  riedel1 PD       0:00      1 (Priority)
           1074889  gpuA40x4  glidein  riedel1 PD       0:00      1 (Priority)
           1074888  gpuA40x4  glidein  riedel1 PD       0:00      1 (Priority)
           1074887  gpuA40x4  glidein  riedel1 PD       0:00      1 (Priority)
           1074886  gpuA40x4  glidein  riedel1 PD       0:00      1 (Priority)
           1074885  gpuA40x4  glidein  riedel1 PD       0:00      1 (Priority)
           1074884  gpuA40x4  glidein  riedel1 PD       0:00      1 (Priority)
           1074883  gpuA40x4  glidein  riedel1 PD       0:00      1 (Priority)
           1074882  gpuA40x4  glidein  riedel1 PD       0:00      1 (Priority)
           1074881  gpuA40x4  glidein  riedel1 PD       0:00      1 (Priority)
           1074880  gpuA40x4  glidein  riedel1 PD       0:00      1 (Priority)
           1074879  gpuA40x4  glidein  riedel1 PD       0:00      1 (Priority)
           1074878  gpuA40x4  glidein  riedel1 PD       0:00      1 (Priority)
           1074877  gpuA40x4  glidein  riedel1 PD       0:00      1 (Priority)
           1074876  gpuA40x4  glidein  riedel1 PD       0:00      1 (Priority)
           1074875  gpuA40x4  glidein  riedel1 PD       0:00      1 (Priority)
           1074874  gpuA40x4  glidein  riedel1 PD       0:00      1 (Priority)
           1074873  gpuA40x4  glidein  riedel1 PD       0:00      1 (Priority)
           1074872  gpuA40x4  glidein  riedel1 PD       0:00      1 (Priority)
           1074871  gpuA40x4  glidein  riedel1 PD       0:00      1 (Priority)
           1074870  gpuA40x4  glidein  riedel1 PD       0:00      1 (Priority)
           1074869  gpuA40x4  glidein  riedel1 PD       0:00      1 (Priority)
           1074868  gpuA40x4  glidein  riedel1 PD       0:00      1 (Priority)
           1074867  gpuA40x4  glidein  riedel1 PD       0:00      1 (Priority)
           1074866  gpuA40x4  glidein  riedel1 PD       0:00      1 (Priority)
           1074865  gpuA40x4  glidein  riedel1 PD       0:00      1 (Priority)
           1074864  gpuA40x4  glidein  riedel1 PD       0:00      1 (Priority)
           1074863  gpuA40x4  glidein  riedel1 PD       0:00      1 (Priority)
           1074862  gpuA40x4  glidein  riedel1 PD       0:00      1 (Priority)
           1074861  gpuA40x4  glidein  riedel1 PD       0:00      1 (Priority)
           1074860  gpuA40x4  glidein  riedel1 PD       0:00      1 (Priority)
           1074859  gpuA40x4  glidein  riedel1 PD       0:00      1 (Priority)
           1074858  gpuA40x4  glidein  riedel1 PD       0:00      1 (Priority)
           1074857  gpuA40x4  glidein  riedel1 PD       0:00      1 (Priority)
           1074856  gpuA40x4  glidein  riedel1 PD       0:00      1 (Priority)
           1074855  gpuA40x4  glidein  riedel1 PD       0:00      1 (Priority)
           1074854  gpuA40x4  glidein  riedel1 PD       0:00      1 (Priority)
           1074853  gpuA40x4  glidein  riedel1 PD       0:00      1 (Priority)
           1074852  gpuA40x4  glidein  riedel1 PD       0:00      1 (Priority)
           1074851  gpuA40x4  glidein  riedel1 PD       0:00      1 (Priority)
           1074850  gpuA40x4  glidein  riedel1 PD       0:00      1 (Priority)
           1074849  gpuA40x4  glidein  riedel1 PD       0:00      1 (Priority)
           1074848  gpuA40x4  glidein  riedel1 PD       0:00      1 (Priority)
           1074847  gpuA40x4  glidein  riedel1 PD       0:00      1 (Priority)
           1074846  gpuA40x4  glidein  riedel1 PD       0:00      1 (Priority)
           1074845  gpuA40x4  glidein  riedel1 PD       0:00      1 (Priority)
           1074844  gpuA40x4  glidein  riedel1 PD       0:00      1 (Priority)
           1074843  gpuA40x4  glidein  riedel1 PD       0:00      1 (Priority)
           1074842  gpuA40x4  glidein  riedel1 PD       0:00      1 (Priority)
           1074841  gpuA40x4  glidein  riedel1 PD       0:00      1 (Priority)
           1074840  gpuA40x4  glidein  riedel1 PD       0:00      1 (Priority)
           1074839  gpuA40x4  glidein  riedel1 PD       0:00      1 (Priority)
           1074838  gpuA40x4  glidein  riedel1 PD       0:00      1 (Priority)
           1074837  gpuA40x4  glidein  riedel1 PD       0:00      1 (Priority)
           1074836  gpuA40x4  glidein  riedel1 PD       0:00      1 (Priority)
           1074835  gpuA40x4  glidein  riedel1 PD       0:00      1 (Priority)
           1074834  gpuA40x4  glidein  riedel1 PD       0:00      1 (Priority)
           1074833  gpuA40x4  glidein  riedel1 PD       0:00      1 (Priority)
           1074832  gpuA40x4  glidein  riedel1 PD       0:00      1 (Priority)
           1074831  gpuA40x4  glidein  riedel1 PD       0:00      1 (Priority)
           1074830  gpuA40x4  glidein  riedel1 PD       0:00      1 (Priority)
           1074829  gpuA40x4  glidein  riedel1 PD       0:00      1 (Priority)
           1074828  gpuA40x4  glidein  riedel1 PD       0:00      1 (Priority)
           1074827  gpuA40x4  glidein  riedel1 PD       0:00      1 (Priority)
           1074826  gpuA40x4  glidein  riedel1 PD       0:00      1 (Priority)
           1074825  gpuA40x4  glidein  riedel1 PD       0:00      1 (Priority)
           1087342  gpuA40x4     bash zixuant5  R      55:48      1 gpub093
           1085993  gpuA40x4     bash    sirui  R    6:04:08      1 gpub031
           1087350  gpuA40x4 babyStep   tricci  R      15:15      1 gpub014
           1087349  gpuA40x4 babyStep   tricci  R      16:15      1 gpub014
           1087351  gpuA40x4 babyStep   tricci  R      13:44      1 gpub032
           1086208  gpuA40x4 modSpong   tricci  R    4:49:13      1 gpub040
           1086207  gpuA40x4 modSpong   tricci  R    4:49:44      1 gpub097
           1086005  gpuA40x4 noSmooth   tricci  R    5:12:24      1 gpub040
           1085557  gpuA40x4 MVSE_Non battula1  R    4:54:34      2 gpub[051,053]
           1085506  gpuA40x4 training   wang34  R   10:01:42      1 gpub049
           1074734  gpuA40x4  glidein  riedel1  R    3:17:45      1 gpub048
           1074735  gpuA40x4  glidein  riedel1  R    3:17:45      1 gpub048
           1074736  gpuA40x4  glidein  riedel1  R    3:17:45      1 gpub048
           1074737  gpuA40x4  glidein  riedel1  R    3:17:45      1 gpub048
           1074733  gpuA40x4  glidein  riedel1  R    3:41:50      1 gpub070
           1074732  gpuA40x4  glidein  riedel1  R    3:49:19      1 gpub037
           1074729  gpuA40x4  glidein  riedel1  R    3:50:35      1 gpub097
           1074730  gpuA40x4  glidein  riedel1  R    3:50:35      1 gpub097
           1074731  gpuA40x4  glidein  riedel1  R    3:50:35      1 gpub097
           1074727  gpuA40x4  glidein  riedel1  R    3:51:43      1 gpub014
           1074728  gpuA40x4  glidein  riedel1  R    3:51:43      1 gpub014
           1074726  gpuA40x4  glidein  riedel1  R    3:52:06      1 gpub093
           1074725  gpuA40x4  glidein  riedel1  R    3:54:22      1 gpub035
           1074723  gpuA40x4  glidein  riedel1  R    3:56:40      1 gpub027
           1074724  gpuA40x4  glidein  riedel1  R    3:56:40      1 gpub080
           1074722  gpuA40x4  glidein  riedel1  R    3:56:43      1 gpub079
           1074720  gpuA40x4  glidein  riedel1  R    4:02:32      1 gpub040
           1074721  gpuA40x4  glidein  riedel1  R    4:02:32      1 gpub040
           1074719  gpuA40x4  glidein  riedel1  R    4:06:53      1 gpub022
           1074718  gpuA40x4  glidein  riedel1  R    4:13:48      1 gpub091
           1074717  gpuA40x4  glidein  riedel1  R    4:13:56      1 gpub018
           1074716  gpuA40x4  glidein  riedel1  R    4:14:18      1 gpub037
           1074715  gpuA40x4  glidein  riedel1  R    4:16:45      1 gpub049
           1074714  gpuA40x4  glidein  riedel1  R    4:19:17      1 gpub035
           1074713  gpuA40x4  glidein  riedel1  R    4:23:23      1 gpub084
           1074712  gpuA40x4  glidein  riedel1  R    4:24:00      1 gpub068
           1074709  gpuA40x4  glidein  riedel1  R    4:31:24      1 gpub070
           1074710  gpuA40x4  glidein  riedel1  R    4:31:24      1 gpub070
           1074711  gpuA40x4  glidein  riedel1  R    4:31:24      1 gpub070
           1074708  gpuA40x4  glidein  riedel1  R    4:39:04      1 gpub069
           1074707  gpuA40x4  glidein  riedel1  R    4:41:41      1 gpub042
           1074704  gpuA40x4  glidein  riedel1  R    4:42:46      1 gpub031
           1074705  gpuA40x4  glidein  riedel1  R    4:42:46      1 gpub031
           1074706  gpuA40x4  glidein  riedel1  R    4:42:46      1 gpub031
           1074703  gpuA40x4  glidein  riedel1  R    4:44:01      1 gpub092
           1074702  gpuA40x4  glidein  riedel1  R    4:44:18      1 gpub038
           1074701  gpuA40x4  glidein  riedel1  R    4:48:54      1 gpub091
           1074700  gpuA40x4  glidein  riedel1  R    4:48:56      1 gpub090
           1074699  gpuA40x4  glidein  riedel1  R    4:49:01      1 gpub095
           1074671  gpuA40x4  glidein  riedel1  R    4:53:10      1 gpub075
           1074672  gpuA40x4  glidein  riedel1  R    4:53:10      1 gpub075
           1074673  gpuA40x4  glidein  riedel1  R    4:53:10      1 gpub075
           1074674  gpuA40x4  glidein  riedel1  R    4:53:10      1 gpub075
           1074675  gpuA40x4  glidein  riedel1  R    4:53:10      1 gpub057
           1074676  gpuA40x4  glidein  riedel1  R    4:53:10      1 gpub057
           1074677  gpuA40x4  glidein  riedel1  R    4:53:10      1 gpub057
           1074678  gpuA40x4  glidein  riedel1  R    4:53:10      1 gpub057
           1074679  gpuA40x4  glidein  riedel1  R    4:53:10      1 gpub055
           1074680  gpuA40x4  glidein  riedel1  R    4:53:10      1 gpub055
           1074681  gpuA40x4  glidein  riedel1  R    4:53:10      1 gpub055
           1074682  gpuA40x4  glidein  riedel1  R    4:53:10      1 gpub055
           1074683  gpuA40x4  glidein  riedel1  R    4:53:10      1 gpub073
           1074684  gpuA40x4  glidein  riedel1  R    4:53:10      1 gpub073
           1074685  gpuA40x4  glidein  riedel1  R    4:53:10      1 gpub073
           1074686  gpuA40x4  glidein  riedel1  R    4:53:10      1 gpub073
           1074687  gpuA40x4  glidein  riedel1  R    4:53:10      1 gpub074
           1074688  gpuA40x4  glidein  riedel1  R    4:53:10      1 gpub074
           1074689  gpuA40x4  glidein  riedel1  R    4:53:10      1 gpub074
           1074690  gpuA40x4  glidein  riedel1  R    4:53:10      1 gpub074
           1074691  gpuA40x4  glidein  riedel1  R    4:53:10      1 gpub056
           1074692  gpuA40x4  glidein  riedel1  R    4:53:10      1 gpub056
           1074693  gpuA40x4  glidein  riedel1  R    4:53:10      1 gpub056
           1074694  gpuA40x4  glidein  riedel1  R    4:53:10      1 gpub056
           1074695  gpuA40x4  glidein  riedel1  R    4:53:10      1 gpub001
           1074696  gpuA40x4  glidein  riedel1  R    4:53:10      1 gpub001
           1074697  gpuA40x4  glidein  riedel1  R    4:53:10      1 gpub001
           1074698  gpuA40x4  glidein  riedel1  R    4:53:10      1 gpub001
           1074670  gpuA40x4  glidein  riedel1  R    4:53:52      1 gpub020
           1074669  gpuA40x4  glidein  riedel1  R    4:54:01      1 gpub092
           1074668  gpuA40x4  glidein  riedel1  R    4:54:45      1 gpub052
           1074665  gpuA40x4  glidein  riedel1  R    4:57:47      1 gpub052
           1074666  gpuA40x4  glidein  riedel1  R    4:57:47      1 gpub052
           1074667  gpuA40x4  glidein  riedel1  R    4:57:47      1 gpub052
           1074664  gpuA40x4  glidein  riedel1  R    5:00:49      1 gpub049
           1074662  gpuA40x4  glidein  riedel1  R    5:03:19      1 gpub017
           1074663  gpuA40x4  glidein  riedel1  R    5:03:19      1 gpub084
           1074661  gpuA40x4  glidein  riedel1  R    5:03:49      1 gpub032
           1074659  gpuA40x4  glidein  riedel1  R    5:05:20      1 gpub046
           1074660  gpuA40x4  glidein  riedel1  R    5:05:20      1 gpub061
           1074658  gpuA40x4  glidein  riedel1  R    5:08:20      1 gpub078
           1074656  gpuA40x4  glidein  riedel1  R    5:08:50      1 gpub090
           1074657  gpuA40x4  glidein  riedel1  R    5:08:50      1 gpub095
           1074653  gpuA40x4  glidein  riedel1  R    5:09:21      1 gpub078
           1074654  gpuA40x4  glidein  riedel1  R    5:09:21      1 gpub078
           1074655  gpuA40x4  glidein  riedel1  R    5:09:21      1 gpub078
           1074652  gpuA40x4  glidein  riedel1  R    5:16:23      1 gpub003
           1074651  gpuA40x4  glidein  riedel1  R    5:21:54      1 gpub017
           1074650  gpuA40x4  glidein  riedel1  R    5:23:55      1 gpub092
           1074648  gpuA40x4  glidein  riedel1  R    5:24:25      1 gpub050
           1074649  gpuA40x4  glidein  riedel1  R    5:24:25      1 gpub050
           1074647  gpuA40x4  glidein  riedel1  R    5:33:28      1 gpub091
           1074646  gpuA40x4  glidein  riedel1  R    5:36:59      1 gpub080
           1074645  gpuA40x4  glidein  riedel1  R    5:38:59      1 gpub038
           1074642  gpuA40x4  glidein  riedel1  R    5:48:32      1 gpub089
           1074643  gpuA40x4  glidein  riedel1  R    5:48:32      1 gpub091
           1074644  gpuA40x4  glidein  riedel1  R    5:48:32      1 gpub094
           1074641  gpuA40x4  glidein  riedel1  R    5:53:33      1 gpub089
           1074640  gpuA40x4  glidein  riedel1  R    6:03:06      1 gpub096
           1074639  gpuA40x4  glidein  riedel1  R    6:03:36      1 gpub093
           1074638  gpuA40x4  glidein  riedel1  R    6:04:06      1 gpub039
           1074637  gpuA40x4  glidein  riedel1  R    6:06:37      1 gpub054
           1074636  gpuA40x4  glidein  riedel1  R    6:08:08      1 gpub084
           1074634  gpuA40x4  glidein  riedel1  R    6:08:38      1 gpub094
           1074635  gpuA40x4  glidein  riedel1  R    6:08:38      1 gpub095
           1074633  gpuA40x4  glidein  riedel1  R    6:10:08      1 gpub047
           1074632  gpuA40x4  glidein  riedel1  R    6:13:09      1 gpub030
           1074630  gpuA40x4  glidein  riedel1  R    6:13:39      1 gpub047
           1074631  gpuA40x4  glidein  riedel1  R    6:13:39      1 gpub089
           1074626  gpuA40x4  glidein  riedel1  R    7:25:01      1 gpub021
           1074627  gpuA40x4  glidein  riedel1  R    7:25:01      1 gpub021
           1074628  gpuA40x4  glidein  riedel1  R    7:25:01      1 gpub021
           1074629  gpuA40x4  glidein  riedel1  R    7:25:01      1 gpub021
           1074625  gpuA40x4  glidein  riedel1  R    7:29:34      1 gpub017
           1074624  gpuA40x4  glidein  riedel1  R    8:17:04      1 gpub046
           1074623  gpuA40x4  glidein  riedel1  R    8:48:54      1 gpub095
           1074599  gpuA40x4  glidein  riedel1  R    8:52:27      1 gpub059
           1074621  gpuA40x4  glidein  riedel1  R    8:52:27      1 gpub042
           1074622  gpuA40x4  glidein  riedel1  R    8:52:27      1 gpub064
           1074555  gpuA40x4  glidein  riedel1  R    8:52:57      1 gpub002
           1074556  gpuA40x4  glidein  riedel1  R    8:52:57      1 gpub002
           1074557  gpuA40x4  glidein  riedel1  R    8:52:57      1 gpub002
           1074558  gpuA40x4  glidein  riedel1  R    8:52:57      1 gpub077
           1074559  gpuA40x4  glidein  riedel1  R    8:52:57      1 gpub003
           1074560  gpuA40x4  glidein  riedel1  R    8:52:57      1 gpub003
           1074561  gpuA40x4  glidein  riedel1  R    8:52:57      1 gpub018
           1074562  gpuA40x4  glidein  riedel1  R    8:52:57      1 gpub080
           1074563  gpuA40x4  glidein  riedel1  R    8:52:57      1 gpub004
           1074564  gpuA40x4  glidein  riedel1  R    8:52:57      1 gpub020
           1074565  gpuA40x4  glidein  riedel1  R    8:52:57      1 gpub020
           1074566  gpuA40x4  glidein  riedel1  R    8:52:57      1 gpub045
           1074567  gpuA40x4  glidein  riedel1  R    8:52:57      1 gpub081
           1074568  gpuA40x4  glidein  riedel1  R    8:52:57      1 gpub005
           1074569  gpuA40x4  glidein  riedel1  R    8:52:57      1 gpub022
           1074570  gpuA40x4  glidein  riedel1  R    8:52:57      1 gpub022
           1074571  gpuA40x4  glidein  riedel1  R    8:52:57      1 gpub054
           1074572  gpuA40x4  glidein  riedel1  R    8:52:57      1 gpub082
           1074573  gpuA40x4  glidein  riedel1  R    8:52:57      1 gpub082
           1074574  gpuA40x4  glidein  riedel1  R    8:52:57      1 gpub006
           1074575  gpuA40x4  glidein  riedel1  R    8:52:57      1 gpub006
           1074576  gpuA40x4  glidein  riedel1  R    8:52:57      1 gpub006
           1074577  gpuA40x4  glidein  riedel1  R    8:52:57      1 gpub024
           1074578  gpuA40x4  glidein  riedel1  R    8:52:57      1 gpub024
           1074579  gpuA40x4  glidein  riedel1  R    8:52:57      1 gpub058
           1074580  gpuA40x4  glidein  riedel1  R    8:52:57      1 gpub058
           1074581  gpuA40x4  glidein  riedel1  R    8:52:57      1 gpub083
           1074582  gpuA40x4  glidein  riedel1  R    8:52:57      1 gpub009
           1074583  gpuA40x4  glidein  riedel1  R    8:52:57      1 gpub025
           1074584  gpuA40x4  glidein  riedel1  R    8:52:57      1 gpub060
           1074585  gpuA40x4  glidein  riedel1  R    8:52:57      1 gpub060
           1074586  gpuA40x4  glidein  riedel1  R    8:52:57      1 gpub085
           1074587  gpuA40x4  glidein  riedel1  R    8:52:57      1 gpub011
           1074588  gpuA40x4  glidein  riedel1  R    8:52:57      1 gpub011
           1074589  gpuA40x4  glidein  riedel1  R    8:52:57      1 gpub011
           1074590  gpuA40x4  glidein  riedel1  R    8:52:57      1 gpub026
           1074591  gpuA40x4  glidein  riedel1  R    8:52:57      1 gpub026
           1074592  gpuA40x4  glidein  riedel1  R    8:52:57      1 gpub026
           1074593  gpuA40x4  glidein  riedel1  R    8:52:57      1 gpub061
           1074594  gpuA40x4  glidein  riedel1  R    8:52:57      1 gpub087
           1074595  gpuA40x4  glidein  riedel1  R    8:52:57      1 gpub087
           1074596  gpuA40x4  glidein  riedel1  R    8:52:57      1 gpub012
           1074597  gpuA40x4  glidein  riedel1  R    8:52:57      1 gpub027
           1074598  gpuA40x4  glidein  riedel1  R    8:52:57      1 gpub063
           1074600  gpuA40x4  glidein  riedel1  R    8:52:57      1 gpub088
           1074601  gpuA40x4  glidein  riedel1  R    8:52:57      1 gpub088
           1074602  gpuA40x4  glidein  riedel1  R    8:52:57      1 gpub013
           1074603  gpuA40x4  glidein  riedel1  R    8:52:57      1 gpub013
           1074604  gpuA40x4  glidein  riedel1  R    8:52:57      1 gpub028
           1074605  gpuA40x4  glidein  riedel1  R    8:52:57      1 gpub065
           1074606  gpuA40x4  glidein  riedel1  R    8:52:57      1 gpub065
           1074607  gpuA40x4  glidein  riedel1  R    8:52:57      1 gpub065
           1074608  gpuA40x4  glidein  riedel1  R    8:52:57      1 gpub093
           1074609  gpuA40x4  glidein  riedel1  R    8:52:57      1 gpub015
           1074610  gpuA40x4  glidein  riedel1  R    8:52:57      1 gpub041
           1074611  gpuA40x4  glidein  riedel1  R    8:52:57      1 gpub067
           1074612  gpuA40x4  glidein  riedel1  R    8:52:57      1 gpub067
           1074613  gpuA40x4  glidein  riedel1  R    8:52:57      1 gpub067
           1074614  gpuA40x4  glidein  riedel1  R    8:52:57      1 gpub094
           1074615  gpuA40x4  glidein  riedel1  R    8:52:57      1 gpub016
           1074616  gpuA40x4  glidein  riedel1  R    8:52:57      1 gpub016
           1074617  gpuA40x4  glidein  riedel1  R    8:52:57      1 gpub043
           1074618  gpuA40x4  glidein  riedel1  R    8:52:57      1 gpub043
           1074619  gpuA40x4  glidein  riedel1  R    8:52:57      1 gpub072
           1074620  gpuA40x4  glidein  riedel1  R    8:52:57      1 gpub098
           1074554  gpuA40x4  glidein  riedel1  R    8:54:59      1 gpub046
           1074553  gpuA40x4  glidein  riedel1  R    9:06:28      1 gpub019
           1074552  gpuA40x4  glidein  riedel1  R    9:13:27      1 gpub066
           1074549  gpuA40x4  glidein  riedel1  R    9:13:28      1 gpub087
           1074550  gpuA40x4  glidein  riedel1  R    9:13:28      1 gpub043
           1074551  gpuA40x4  glidein  riedel1  R    9:13:28      1 gpub066
           1074534  gpuA40x4  glidein  riedel1  R    9:13:29      1 gpub041
           1074535  gpuA40x4  glidein  riedel1  R    9:13:29      1 gpub089
           1074536  gpuA40x4  glidein  riedel1  R    9:13:29      1 gpub063
           1074537  gpuA40x4  glidein  riedel1  R    9:13:29      1 gpub060
           1074538  gpuA40x4  glidein  riedel1  R    9:13:29      1 gpub009
           1074539  gpuA40x4  glidein  riedel1  R    9:13:29      1 gpub088
           1074540  gpuA40x4  glidein  riedel1  R    9:13:29      1 gpub013
           1074541  gpuA40x4  glidein  riedel1  R    9:13:29      1 gpub028
           1074542  gpuA40x4  glidein  riedel1  R    9:13:29      1 gpub020
           1074543  gpuA40x4  glidein  riedel1  R    9:13:29      1 gpub069
           1074544  gpuA40x4  glidein  riedel1  R    9:13:29      1 gpub060
           1074545  gpuA40x4  glidein  riedel1  R    9:13:29      1 gpub013
           1074546  gpuA40x4  glidein  riedel1  R    9:13:29      1 gpub042
           1074547  gpuA40x4  glidein  riedel1  R    9:13:29      1 gpub005
           1074548  gpuA40x4  glidein  riedel1  R    9:13:29      1 gpub065
           1074527  gpuA40x4  glidein  riedel1  R    9:13:30      1 gpub025
           1074528  gpuA40x4  glidein  riedel1  R    9:13:30      1 gpub062
           1074529  gpuA40x4  glidein  riedel1  R    9:13:30      1 gpub025
           1074530  gpuA40x4  glidein  riedel1  R    9:13:30      1 gpub098
           1074531  gpuA40x4  glidein  riedel1  R    9:13:30      1 gpub030
           1074532  gpuA40x4  glidein  riedel1  R    9:13:30      1 gpub043
           1074533  gpuA40x4  glidein  riedel1  R    9:13:30      1 gpub087
           1074515  gpuA40x4  glidein  riedel1  R    9:13:31      1 gpub011
           1074516  gpuA40x4  glidein  riedel1  R    9:13:31      1 gpub090
           1074517  gpuA40x4  glidein  riedel1  R    9:13:31      1 gpub027
           1074518  gpuA40x4  glidein  riedel1  R    9:13:31      1 gpub041
           1074519  gpuA40x4  glidein  riedel1  R    9:13:31      1 gpub083
           1074520  gpuA40x4  glidein  riedel1  R    9:13:31      1 gpub009
           1074521  gpuA40x4  glidein  riedel1  R    9:13:31      1 gpub010
           1074522  gpuA40x4  glidein  riedel1  R    9:13:31      1 gpub064
           1074523  gpuA40x4  glidein  riedel1  R    9:13:31      1 gpub007
           1074524  gpuA40x4  glidein  riedel1  R    9:13:31      1 gpub028
           1074525  gpuA40x4  glidein  riedel1  R    9:13:31      1 gpub041
           1074526  gpuA40x4  glidein  riedel1  R    9:13:31      1 gpub094
           1074434  gpuA40x4  glidein  riedel1  R    9:13:32      1 gpub076
           1074435  gpuA40x4  glidein  riedel1  R    9:13:32      1 gpub077
           1074436  gpuA40x4  glidein  riedel1  R    9:13:32      1 gpub003
           1074437  gpuA40x4  glidein  riedel1  R    9:13:32      1 gpub079
           1074438  gpuA40x4  glidein  riedel1  R    9:13:32      1 gpub079
           1074439  gpuA40x4  glidein  riedel1  R    9:13:32      1 gpub004
           1074440  gpuA40x4  glidein  riedel1  R    9:13:32      1 gpub019
           1074441  gpuA40x4  glidein  riedel1  R    9:13:32      1 gpub019
           1074442  gpuA40x4  glidein  riedel1  R    9:13:32      1 gpub019
           1074443  gpuA40x4  glidein  riedel1  R    9:13:32      1 gpub081
           1074444  gpuA40x4  glidein  riedel1  R    9:13:32      1 gpub005
           1074445  gpuA40x4  glidein  riedel1  R    9:13:32      1 gpub022
           1074446  gpuA40x4  glidein  riedel1  R    9:13:32      1 gpub047
           1074447  gpuA40x4  glidein  riedel1  R    9:13:32      1 gpub047
           1074448  gpuA40x4  glidein  riedel1  R    9:13:32      1 gpub082
           1074449  gpuA40x4  glidein  riedel1  R    9:13:32      1 gpub082
           1074450  gpuA40x4  glidein  riedel1  R    9:13:32      1 gpub006
           1074451  gpuA40x4  glidein  riedel1  R    9:13:32      1 gpub024
           1074452  gpuA40x4  glidein  riedel1  R    9:13:32      1 gpub054
           1074453  gpuA40x4  glidein  riedel1  R    9:13:32      1 gpub054
           1074454  gpuA40x4  glidein  riedel1  R    9:13:32      1 gpub083
           1074455  gpuA40x4  glidein  riedel1  R    9:13:32      1 gpub007
           1074456  gpuA40x4  glidein  riedel1  R    9:13:32      1 gpub007
           1074457  gpuA40x4  glidein  riedel1  R    9:13:32      1 gpub025
           1074458  gpuA40x4  glidein  riedel1  R    9:13:32      1 gpub058
           1074459  gpuA40x4  glidein  riedel1  R    9:13:32      1 gpub058
           1074460  gpuA40x4  glidein  riedel1  R    9:13:32      1 gpub085
           1074461  gpuA40x4  glidein  riedel1  R    9:13:32      1 gpub008
           1074462  gpuA40x4  glidein  riedel1  R    9:13:32      1 gpub008
           1074463  gpuA40x4  glidein  riedel1  R    9:13:32      1 gpub008
           1074464  gpuA40x4  glidein  riedel1  R    9:13:32      1 gpub026
           1074465  gpuA40x4  glidein  riedel1  R    9:13:32      1 gpub059
           1074466  gpuA40x4  glidein  riedel1  R    9:13:32      1 gpub059
           1074467  gpuA40x4  glidein  riedel1  R    9:13:32      1 gpub059
           1074468  gpuA40x4  glidein  riedel1  R    9:13:32      1 gpub086
           1074469  gpuA40x4  glidein  riedel1  R    9:13:32      1 gpub086
           1074470  gpuA40x4  glidein  riedel1  R    9:13:32      1 gpub086
           1074471  gpuA40x4  glidein  riedel1  R    9:13:32      1 gpub010
           1074472  gpuA40x4  glidein  riedel1  R    9:13:32      1 gpub029
           1074473  gpuA40x4  glidein  riedel1  R    9:13:32      1 gpub029
           1074474  gpuA40x4  glidein  riedel1  R    9:13:32      1 gpub029
           1074475  gpuA40x4  glidein  riedel1  R    9:13:32      1 gpub062
           1074476  gpuA40x4  glidein  riedel1  R    9:13:32      1 gpub088
           1074477  gpuA40x4  glidein  riedel1  R    9:13:32      1 gpub012
           1074478  gpuA40x4  glidein  riedel1  R    9:13:32      1 gpub030
           1074479  gpuA40x4  glidein  riedel1  R    9:13:32      1 gpub068
           1074480  gpuA40x4  glidein  riedel1  R    9:13:32      1 gpub068
           1074481  gpuA40x4  glidein  riedel1  R    9:13:32      1 gpub090
           1074482  gpuA40x4  glidein  riedel1  R    9:13:32      1 gpub015
           1074483  gpuA40x4  glidein  riedel1  R    9:13:32      1 gpub015
           1074484  gpuA40x4  glidein  riedel1  R    9:13:32      1 gpub042
           1074485  gpuA40x4  glidein  riedel1  R    9:13:32      1 gpub071
           1074486  gpuA40x4  glidein  riedel1  R    9:13:32      1 gpub071
           1074487  gpuA40x4  glidein  riedel1  R    9:13:32      1 gpub071
           1074488  gpuA40x4  glidein  riedel1  R    9:13:32      1 gpub096
           1074489  gpuA40x4  glidein  riedel1  R    9:13:32      1 gpub096
           1074490  gpuA40x4  glidein  riedel1  R    9:13:32      1 gpub096
           1074491  gpuA40x4  glidein  riedel1  R    9:13:32      1 gpub016
           1074492  gpuA40x4  glidein  riedel1  R    9:13:32      1 gpub044
           1074493  gpuA40x4  glidein  riedel1  R    9:13:32      1 gpub044
           1074494  gpuA40x4  glidein  riedel1  R    9:13:32      1 gpub044
           1074495  gpuA40x4  glidein  riedel1  R    9:13:32      1 gpub072
           1074496  gpuA40x4  glidein  riedel1  R    9:13:32      1 gpub072
           1074497  gpuA40x4  glidein  riedel1  R    9:13:32      1 gpub072
           1074498  gpuA40x4  glidein  riedel1  R    9:13:32      1 gpub098
           1074499  gpuA40x4  glidein  riedel1  R    9:13:32      1 gpub098
           1074500  gpuA40x4  glidein  riedel1  R    9:13:32      1 gpub069
           1074501  gpuA40x4  glidein  riedel1  R    9:13:32      1 gpub068
           1074502  gpuA40x4  glidein  riedel1  R    9:13:32      1 gpub081
           1074503  gpuA40x4  glidein  riedel1  R    9:13:32      1 gpub061
           1074504  gpuA40x4  glidein  riedel1  R    9:13:32      1 gpub085
           1074505  gpuA40x4  glidein  riedel1  R    9:13:32      1 gpub016
           1074506  gpuA40x4  glidein  riedel1  R    9:13:32      1 gpub062
           1074507  gpuA40x4  glidein  riedel1  R    9:13:32      1 gpub083
           1074508  gpuA40x4  glidein  riedel1  R    9:13:32      1 gpub085
           1074509  gpuA40x4  glidein  riedel1  R    9:13:32      1 gpub081
           1074510  gpuA40x4  glidein  riedel1  R    9:13:32      1 gpub010
           1074511  gpuA40x4  glidein  riedel1  R    9:13:32      1 gpub067
           1074512  gpuA40x4  glidein  riedel1  R    9:13:32      1 gpub076
           1074513  gpuA40x4  glidein  riedel1  R    9:13:32      1 gpub004
           1074514  gpuA40x4  glidein  riedel1  R    9:13:32      1 gpub012
           1074428  gpuA40x4  glidein  riedel1  R    9:13:41      1 gpub045
           1074429  gpuA40x4  glidein  riedel1  R    9:13:41      1 gpub045
           1074430  gpuA40x4  glidein  riedel1  R    9:13:41      1 gpub002
           1074431  gpuA40x4  glidein  riedel1  R    9:13:41      1 gpub018
           1074432  gpuA40x4  glidein  riedel1  R    9:13:41      1 gpub018
           1074433  gpuA40x4  glidein  riedel1  R    9:13:41      1 gpub050
           1074427  gpuA40x4  glidein  riedel1  R   12:24:39      1 gpub045
           1074423  gpuA40x4  glidein  riedel1  R   13:00:57      1 gpub023
           1074424  gpuA40x4  glidein  riedel1  R   13:00:57      1 gpub023
           1074425  gpuA40x4  glidein  riedel1  R   13:00:57      1 gpub023
           1074426  gpuA40x4  glidein  riedel1  R   13:00:57      1 gpub023
           1074421  gpuA40x4  glidein  riedel1  R   14:22:05      1 gpub007
           1074422  gpuA40x4  glidein  riedel1  R   14:22:05      1 gpub077
           1074417  gpuA40x4  glidein  riedel1  R   14:23:43      1 gpub030
           1074418  gpuA40x4  glidein  riedel1  R   14:23:43      1 gpub009
           1074419  gpuA40x4  glidein  riedel1  R   14:23:43      1 gpub044
           1074420  gpuA40x4  glidein  riedel1  R   14:23:43      1 gpub069
           1074414  gpuA40x4  glidein  riedel1  R   14:27:03      1 gpub076
           1074415  gpuA40x4  glidein  riedel1  R   14:27:03      1 gpub063
           1074416  gpuA40x4  glidein  riedel1  R   14:27:03      1 gpub079
           1074412  gpuA40x4  glidein  riedel1  R   14:28:41      1 gpub029
           1074413  gpuA40x4  glidein  riedel1  R   14:28:41      1 gpub086
           1074411  gpuA40x4  glidein  riedel1  R   14:31:59      1 gpub077
           1074405  gpuA40x4  glidein  riedel1  R   14:33:36      1 gpub010
           1074406  gpuA40x4  glidein  riedel1  R   14:33:36      1 gpub015
           1074407  gpuA40x4  glidein  riedel1  R   14:33:36      1 gpub033
           1074408  gpuA40x4  glidein  riedel1  R   14:33:36      1 gpub033
           1074409  gpuA40x4  glidein  riedel1  R   14:33:36      1 gpub033
           1074410  gpuA40x4  glidein  riedel1  R   14:33:36      1 gpub033
           1074403  gpuA40x4  glidein  riedel1  R   14:36:36      1 gpub027
           1074404  gpuA40x4  glidein  riedel1  R   14:36:36      1 gpub080
           1074401  gpuA40x4  glidein  riedel1  R   14:37:19      1 gpub005
           1074402  gpuA40x4  glidein  riedel1  R   14:37:19      1 gpub024
           1074397  gpuA40x4  glidein  riedel1  R   14:38:54      1 gpub064
           1074398  gpuA40x4  glidein  riedel1  R   14:38:54      1 gpub066
           1074399  gpuA40x4  glidein  riedel1  R   14:38:54      1 gpub012
           1074400  gpuA40x4  glidein  riedel1  R   14:38:54      1 gpub071
           1074396  gpuA40x4  glidein  riedel1  R   14:41:36      1 gpub076
           1074395  gpuA40x4  glidein  riedel1  R   14:42:05      1 gpub062
           1074394  gpuA40x4  glidein  riedel1  R   14:43:40      1 gpub064
           1074392  gpuA40x4  glidein  riedel1  R   14:46:51      1 gpub004
           1074393  gpuA40x4  glidein  riedel1  R   14:46:51      1 gpub061
           1074391  gpuA40x4  glidein  riedel1  R   14:47:23      1 gpub049
           1074388  gpuA40x4  glidein  riedel1  R   14:48:38      1 gpub008
           1074389  gpuA40x4  glidein  riedel1  R   14:48:38      1 gpub028
           1074390  gpuA40x4  glidein  riedel1  R   14:48:38      1 gpub066
           1074387  gpuA40x4  glidein  riedel1  R   14:51:38      1 gpub063
           1074369  gpuA40x4  glidein  riedel1  R   14:59:48      1 gpub032
           1074370  gpuA40x4  glidein  riedel1  R   14:59:48      1 gpub032
           1074371  gpuA40x4  glidein  riedel1  R   14:59:48      1 gpub034
           1074372  gpuA40x4  glidein  riedel1  R   14:59:48      1 gpub034
           1074373  gpuA40x4  glidein  riedel1  R   14:59:48      1 gpub034
           1074374  gpuA40x4  glidein  riedel1  R   14:59:48      1 gpub034
           1074375  gpuA40x4  glidein  riedel1  R   14:59:48      1 gpub035
           1074376  gpuA40x4  glidein  riedel1  R   14:59:48      1 gpub035
           1074377  gpuA40x4  glidein  riedel1  R   14:59:48      1 gpub036
           1074378  gpuA40x4  glidein  riedel1  R   14:59:48      1 gpub036
           1074379  gpuA40x4  glidein  riedel1  R   14:59:48      1 gpub036
           1074380  gpuA40x4  glidein  riedel1  R   14:59:48      1 gpub036
           1074381  gpuA40x4  glidein  riedel1  R   14:59:48      1 gpub037
           1074382  gpuA40x4  glidein  riedel1  R   14:59:48      1 gpub037
           1074383  gpuA40x4  glidein  riedel1  R   14:59:48      1 gpub038
           1074384  gpuA40x4  glidein  riedel1  R   14:59:48      1 gpub039
           1074385  gpuA40x4  glidein  riedel1  R   14:59:48      1 gpub039
           1074386  gpuA40x4  glidein  riedel1  R   14:59:48      1 gpub039
           1074368  gpuA40x4  glidein  riedel1  R   15:08:03      1 gpub084
           1074367  gpuA40x4  glidein  riedel1  R   15:57:00      1 gpub050
           1074366  gpuA40x4  glidein  riedel1  R   16:19:04      1 gpub046
           1074365  gpuA40x4  glidein  riedel1  R   18:06:45      1 gpub038
           1074364  gpuA40x4  glidein  riedel1  R   19:22:45      1 gpub017
           1074363  gpuA40x4  glidein  riedel1  R   20:08:52      1 gpub092
